

Started GET "/assets/rails.png" for 127.0.0.1 at 2013-01-16 10:51:47 -0500
Connecting to database specified by database.yml
Served asset /rails.png - 200 OK (6ms)


Started GET "/rails/info/properties" for 127.0.0.1 at 2013-01-16 10:52:34 -0500
Processing by Rails::InfoController#properties as */*
  Rendered inline template (2.4ms)
Completed 200 OK in 31ms (Views: 30.3ms | ActiveRecord: 0.0ms)


Started GET "/rails/info/properties" for 127.0.0.1 at 2013-01-16 10:52:45 -0500
Processing by Rails::InfoController#properties as */*
  Rendered inline template (0.4ms)
Completed 200 OK in 1ms (Views: 0.9ms | ActiveRecord: 0.0ms)


Started GET "/rails/info/properties" for 127.0.0.1 at 2013-01-16 10:52:46 -0500
Processing by Rails::InfoController#properties as */*
  Rendered inline template (0.3ms)
Completed 200 OK in 1ms (Views: 0.8ms | ActiveRecord: 0.0ms)


Started GET "/rails/info/properties" for 127.0.0.1 at 2013-01-16 10:52:47 -0500
Processing by Rails::InfoController#properties as */*
  Rendered inline template (0.4ms)
Completed 200 OK in 1ms (Views: 0.9ms | ActiveRecord: 0.0ms)


Started GET "/rails/info/properties" for 127.0.0.1 at 2013-01-16 10:52:47 -0500
Processing by Rails::InfoController#properties as */*
  Rendered inline template (0.4ms)
Completed 200 OK in 1ms (Views: 0.9ms | ActiveRecord: 0.0ms)


Started GET "/rails/info/properties" for 127.0.0.1 at 2013-01-16 10:52:47 -0500
Processing by Rails::InfoController#properties as */*
  Rendered inline template (0.4ms)
Completed 200 OK in 1ms (Views: 0.8ms | ActiveRecord: 0.0ms)


Started GET "/rails/info/properties" for 127.0.0.1 at 2013-01-16 10:52:48 -0500
Processing by Rails::InfoController#properties as */*
  Rendered inline template (0.4ms)
Completed 200 OK in 1ms (Views: 0.8ms | ActiveRecord: 0.0ms)


Started GET "/rails/info/properties" for 127.0.0.1 at 2013-01-16 10:52:48 -0500
Processing by Rails::InfoController#properties as */*
  Rendered inline template (0.4ms)
Completed 200 OK in 1ms (Views: 0.8ms | ActiveRecord: 0.0ms)


Started GET "/rails/info/properties" for 127.0.0.1 at 2013-01-16 10:52:48 -0500
Processing by Rails::InfoController#properties as */*
  Rendered inline template (0.4ms)
Completed 200 OK in 1ms (Views: 0.9ms | ActiveRecord: 0.0ms)


Started GET "/assets/rails.png" for 127.0.0.1 at 2013-01-16 11:10:42 -0500
Connecting to database specified by database.yml
Served asset /rails.png - 200 OK (3ms)


Started GET "/assets/rails.png" for 127.0.0.1 at 2013-01-16 11:11:03 -0500
Served asset /rails.png - 304 Not Modified (0ms)


Started GET "/assets/rails.png" for 127.0.0.1 at 2013-01-16 11:11:34 -0500
Connecting to database specified by database.yml
Served asset /rails.png - 304 Not Modified (2ms)


Started GET "/assets/rails.png" for 127.0.0.1 at 2013-01-16 11:11:36 -0500
Served asset /rails.png - 304 Not Modified (0ms)


Started GET "/assets/rails.png" for 127.0.0.1 at 2013-01-16 11:11:37 -0500
Served asset /rails.png - 304 Not Modified (0ms)


Started GET "/assets/rails.png" for 127.0.0.1 at 2013-01-16 11:11:37 -0500
Served asset /rails.png - 304 Not Modified (0ms)


Started GET "/assets/rails.png" for 127.0.0.1 at 2013-01-16 11:11:37 -0500
Served asset /rails.png - 304 Not Modified (0ms)


Started GET "/assets/rails.png" for 127.0.0.1 at 2013-01-16 11:11:37 -0500
Served asset /rails.png - 304 Not Modified (0ms)


Started GET "/assets/rails.png" for 127.0.0.1 at 2013-01-16 11:12:10 -0500
Served asset /rails.png - 304 Not Modified (0ms)
Connecting to database specified by database.yml


Started GET "/assets/rails.png" for 127.0.0.1 at 2013-01-16 13:12:55 -0500
Connecting to database specified by database.yml
Served asset /rails.png - 304 Not Modified (2ms)
Connecting to database specified by database.yml
  [1m[36m (0.2ms)[0m  [1mselect sqlite_version(*)[0m
  [1m[35m (1.5ms)[0m  CREATE TABLE "schema_migrations" ("version" varchar(255) NOT NULL) 
  [1m[36m (1.2ms)[0m  [1mCREATE UNIQUE INDEX "unique_schema_migrations" ON "schema_migrations" ("version")[0m
  [1m[35m (4.3ms)[0m  SELECT "schema_migrations"."version" FROM "schema_migrations" 
Migrating to CreatePeople (20130116170004)
  [1m[36m (0.0ms)[0m  [1mbegin transaction[0m
  [1m[35m (0.6ms)[0m  CREATE TABLE "people" ("id" INTEGER PRIMARY KEY AUTOINCREMENT NOT NULL, "first_name" varchar(255), "last_name" varchar(255), "created_at" datetime NOT NULL, "updated_at" datetime NOT NULL) 
  [1m[36m (0.2ms)[0m  [1mINSERT INTO "schema_migrations" ("version") VALUES ('20130116170004')[0m
  [1m[35m (1.4ms)[0m  commit transaction
  [1m[36m (0.1ms)[0m  [1mSELECT "schema_migrations"."version" FROM "schema_migrations" [0m


Started GET "/people" for 127.0.0.1 at 2013-01-16 13:16:29 -0500
Processing by PeopleController#index as HTML
  [1m[36mPerson Load (0.1ms)[0m  [1mSELECT "people".* FROM "people" [0m
  Rendered people/index.html.erb within layouts/application (7.1ms)
Compiled people.css  (12ms)  (pid 13988)
Compiled scaffolds.css  (18ms)  (pid 13988)
Compiled application.css  (49ms)  (pid 13988)
Compiled jquery.js  (3ms)  (pid 13988)
Compiled jquery_ujs.js  (0ms)  (pid 13988)
Compiled people.js  (99ms)  (pid 13988)
Compiled application.js  (167ms)  (pid 13988)
Completed 200 OK in 408ms (Views: 365.0ms | ActiveRecord: 2.1ms)


Started GET "/assets/application.css?body=1" for 127.0.0.1 at 2013-01-16 13:16:30 -0500
Served asset /application.css - 200 OK (3ms)


Started GET "/assets/people.js?body=1" for 127.0.0.1 at 2013-01-16 13:16:30 -0500
Served asset /people.js - 200 OK (1ms)


Started GET "/assets/scaffolds.css?body=1" for 127.0.0.1 at 2013-01-16 13:16:30 -0500
Served asset /scaffolds.css - 200 OK (1ms)


Started GET "/assets/jquery_ujs.js?body=1" for 127.0.0.1 at 2013-01-16 13:16:30 -0500
Served asset /jquery_ujs.js - 200 OK (2ms)


Started GET "/assets/jquery.js?body=1" for 127.0.0.1 at 2013-01-16 13:16:30 -0500
Served asset /jquery.js - 200 OK (2ms)


Started GET "/assets/people.css?body=1" for 127.0.0.1 at 2013-01-16 13:16:30 -0500
Served asset /people.css - 200 OK (1ms)


Started GET "/assets/application.js?body=1" for 127.0.0.1 at 2013-01-16 13:16:30 -0500
Served asset /application.js - 200 OK (7ms)


Started GET "/people/new" for 127.0.0.1 at 2013-01-16 13:16:39 -0500
Processing by PeopleController#new as HTML
  Rendered people/_form.html.erb (11.7ms)
  Rendered people/new.html.erb within layouts/application (19.0ms)
Completed 200 OK in 30ms (Views: 24.2ms | ActiveRecord: 0.0ms)


Started GET "/people/new" for 127.0.0.1 at 2013-01-16 13:16:45 -0500
Processing by PeopleController#new as HTML
  Rendered people/_form.html.erb (1.8ms)
  Rendered people/new.html.erb within layouts/application (2.6ms)
Completed 200 OK in 8ms (Views: 7.7ms | ActiveRecord: 0.0ms)


Started GET "/people" for 127.0.0.1 at 2013-01-16 13:16:47 -0500
Processing by PeopleController#index as HTML
  [1m[35mPerson Load (0.3ms)[0m  SELECT "people".* FROM "people" 
  Rendered people/index.html.erb within layouts/application (0.3ms)
Completed 200 OK in 7ms (Views: 5.0ms | ActiveRecord: 0.3ms)


Started GET "/people/new" for 127.0.0.1 at 2013-01-16 13:16:50 -0500
Processing by PeopleController#new as HTML
  Rendered people/_form.html.erb (2.2ms)
  Rendered people/new.html.erb within layouts/application (3.1ms)
Completed 200 OK in 8ms (Views: 8.1ms | ActiveRecord: 0.0ms)


Started POST "/people" for 127.0.0.1 at 2013-01-16 13:16:59 -0500
Processing by PeopleController#create as HTML
  Parameters: {"utf8"=>"✓", "authenticity_token"=>"pdbVm50U99eyhaCXoStGOUWZEK0/bMatKWvQhKQnYRU=", "person"=>{"first_name"=>"Mickael", "last_name"=>"Avedissian"}, "commit"=>"Create Person"}
  [1m[36m (0.1ms)[0m  [1mbegin transaction[0m
  [1m[35mSQL (29.1ms)[0m  INSERT INTO "people" ("created_at", "first_name", "last_name", "updated_at") VALUES (?, ?, ?, ?)  [["created_at", Wed, 16 Jan 2013 18:16:59 UTC +00:00], ["first_name", "Mickael"], ["last_name", "Avedissian"], ["updated_at", Wed, 16 Jan 2013 18:16:59 UTC +00:00]]
  [1m[36m (1.1ms)[0m  [1mcommit transaction[0m
Redirected to http://127.0.0.1:3000/people/1
Completed 302 Found in 36ms (ActiveRecord: 30.3ms)


Started GET "/people/1" for 127.0.0.1 at 2013-01-16 13:16:59 -0500
Processing by PeopleController#show as HTML
  Parameters: {"id"=>"1"}
  [1m[35mPerson Load (0.3ms)[0m  SELECT "people".* FROM "people" WHERE "people"."id" = ? LIMIT 1  [["id", "1"]]
  Rendered people/show.html.erb within layouts/application (1.3ms)
Completed 200 OK in 9ms (Views: 6.1ms | ActiveRecord: 0.3ms)


Started GET "/people" for 127.0.0.1 at 2013-01-16 13:17:02 -0500
Processing by PeopleController#index as HTML
  [1m[36mPerson Load (0.2ms)[0m  [1mSELECT "people".* FROM "people" [0m
  Rendered people/index.html.erb within layouts/application (1.2ms)
Completed 200 OK in 7ms (Views: 5.9ms | ActiveRecord: 0.2ms)
Connecting to database specified by database.yml


Started GET "/people" for 127.0.0.1 at 2013-01-16 14:01:33 -0500
Processing by PeopleController#index as HTML
  [1m[35mPerson Load (0.2ms)[0m  SELECT "people".* FROM "people" 
  Rendered people/index.html.erb within layouts/application (2.1ms)
Completed 200 OK in 8ms (Views: 7.2ms | ActiveRecord: 0.2ms)


Started GET "/assets/scaffolds.css?body=1" for 127.0.0.1 at 2013-01-16 14:01:33 -0500
Served asset /scaffolds.css - 304 Not Modified (0ms)


Started GET "/assets/application.css?body=1" for 127.0.0.1 at 2013-01-16 14:01:33 -0500
Served asset /application.css - 304 Not Modified (0ms)


Started GET "/assets/people.js?body=1" for 127.0.0.1 at 2013-01-16 14:01:33 -0500
Served asset /people.js - 304 Not Modified (0ms)


Started GET "/assets/people.css?body=1" for 127.0.0.1 at 2013-01-16 14:01:33 -0500
Served asset /people.css - 304 Not Modified (0ms)


Started GET "/assets/jquery.js?body=1" for 127.0.0.1 at 2013-01-16 14:01:33 -0500
Served asset /jquery.js - 304 Not Modified (0ms)


Started GET "/assets/jquery_ujs.js?body=1" for 127.0.0.1 at 2013-01-16 14:01:33 -0500
Served asset /jquery_ujs.js - 304 Not Modified (0ms)


Started GET "/assets/application.js?body=1" for 127.0.0.1 at 2013-01-16 14:01:33 -0500
Served asset /application.js - 304 Not Modified (0ms)


Started GET "/people" for 127.0.0.1 at 2013-01-16 14:02:58 -0500
Processing by PeopleController#index as HTML
  [1m[36mPerson Load (0.2ms)[0m  [1mSELECT "people".* FROM "people" [0m
  Rendered people/index.html.erb within layouts/application (2.0ms)
Completed 200 OK in 8ms (Views: 7.0ms | ActiveRecord: 0.2ms)


Started GET "/assets/application.css?body=1" for 127.0.0.1 at 2013-01-16 14:02:58 -0500
Served asset /application.css - 304 Not Modified (0ms)


Started GET "/assets/jquery_ujs.js?body=1" for 127.0.0.1 at 2013-01-16 14:02:58 -0500
Served asset /jquery_ujs.js - 304 Not Modified (0ms)


Started GET "/assets/people.css?body=1" for 127.0.0.1 at 2013-01-16 14:02:58 -0500
Served asset /people.css - 304 Not Modified (0ms)


Started GET "/assets/scaffolds.css?body=1" for 127.0.0.1 at 2013-01-16 14:02:58 -0500
Served asset /scaffolds.css - 304 Not Modified (0ms)


Started GET "/assets/jquery.js?body=1" for 127.0.0.1 at 2013-01-16 14:02:58 -0500
Served asset /jquery.js - 304 Not Modified (0ms)


Started GET "/assets/people.js?body=1" for 127.0.0.1 at 2013-01-16 14:02:58 -0500
Served asset /people.js - 304 Not Modified (0ms)


Started GET "/assets/application.js?body=1" for 127.0.0.1 at 2013-01-16 14:02:58 -0500
Served asset /application.js - 304 Not Modified (0ms)


Started GET "/people" for 127.0.0.1 at 2013-01-16 14:03:21 -0500
Processing by PeopleController#index as HTML
  [1m[35mPerson Load (0.3ms)[0m  SELECT "people".* FROM "people" 
  Rendered people/index.html.erb within layouts/application (10.4ms)
Completed 500 Internal Server Error in 14ms

ActionView::Template::Error (undefined method `self' for "Mickael":String):
    11: 
    12: <% @people.each do |person| %>
    13:   <tr>
    14:     <td><%= person.first_name.self[0,1] %></td>
    15:     <td><%= person.last_name %></td>
    16:     <td><%= link_to 'Show', person %></td>
    17:     <td><%= link_to 'Edit', edit_person_path(person) %></td>
  app/views/people/index.html.erb:14:in `block in _app_views_people_index_html_erb___2470987176186847534_70323337417660'
  app/views/people/index.html.erb:12:in `each'
  app/views/people/index.html.erb:12:in `_app_views_people_index_html_erb___2470987176186847534_70323337417660'
  app/controllers/people_controller.rb:7:in `index'


  Rendered /Users/mike/.rvm/gems/ruby-1.9.3-p362/gems/actionpack-3.2.11/lib/action_dispatch/middleware/templates/rescues/_trace.erb (1.4ms)
  Rendered /Users/mike/.rvm/gems/ruby-1.9.3-p362/gems/actionpack-3.2.11/lib/action_dispatch/middleware/templates/rescues/_request_and_response.erb (1.0ms)
  Rendered /Users/mike/.rvm/gems/ruby-1.9.3-p362/gems/actionpack-3.2.11/lib/action_dispatch/middleware/templates/rescues/template_error.erb within rescues/layout (9.8ms)


Started GET "/people" for 127.0.0.1 at 2013-01-16 14:04:05 -0500
Processing by PeopleController#index as HTML
  [1m[36mPerson Load (0.3ms)[0m  [1mSELECT "people".* FROM "people" [0m
  Rendered people/index.html.erb within layouts/application (1.9ms)
Completed 200 OK in 9ms (Views: 6.8ms | ActiveRecord: 0.3ms)


Started GET "/assets/application.css?body=1" for 127.0.0.1 at 2013-01-16 14:04:05 -0500
Served asset /application.css - 304 Not Modified (0ms)


Started GET "/assets/people.js?body=1" for 127.0.0.1 at 2013-01-16 14:04:05 -0500
Served asset /people.js - 304 Not Modified (0ms)


Started GET "/assets/scaffolds.css?body=1" for 127.0.0.1 at 2013-01-16 14:04:05 -0500
Served asset /scaffolds.css - 304 Not Modified (0ms)


Started GET "/assets/people.css?body=1" for 127.0.0.1 at 2013-01-16 14:04:05 -0500
Served asset /people.css - 304 Not Modified (0ms)


Started GET "/assets/jquery.js?body=1" for 127.0.0.1 at 2013-01-16 14:04:05 -0500
Served asset /jquery.js - 304 Not Modified (0ms)


Started GET "/assets/jquery_ujs.js?body=1" for 127.0.0.1 at 2013-01-16 14:04:05 -0500
Served asset /jquery_ujs.js - 304 Not Modified (0ms)


Started GET "/assets/application.js?body=1" for 127.0.0.1 at 2013-01-16 14:04:05 -0500
Served asset /application.js - 304 Not Modified (0ms)


Started GET "/people" for 127.0.0.1 at 2013-01-16 14:06:16 -0500
Processing by PeopleController#index as HTML
  [1m[35mPerson Load (0.2ms)[0m  SELECT "people".* FROM "people" 
  Rendered people/index.html.erb within layouts/application (1.9ms)
Completed 500 Internal Server Error in 5ms

ActionView::Template::Error (undefined method `first_namei' for #<Person:0x007feadc202230>):
    11: 
    12: <% @people.each do |person| %>
    13:   <tr>
    14:     <td><%= person.first_namei[1] %></td>
    15:     <td><%= person.last_name %></td>
    16:     <td><%= link_to 'Show', person %></td>
    17:     <td><%= link_to 'Edit', edit_person_path(person) %></td>
  app/views/people/index.html.erb:14:in `block in _app_views_people_index_html_erb___2470987176186847534_70323346095180'
  app/views/people/index.html.erb:12:in `each'
  app/views/people/index.html.erb:12:in `_app_views_people_index_html_erb___2470987176186847534_70323346095180'
  app/controllers/people_controller.rb:7:in `index'


  Rendered /Users/mike/.rvm/gems/ruby-1.9.3-p362/gems/actionpack-3.2.11/lib/action_dispatch/middleware/templates/rescues/_trace.erb (1.7ms)
  Rendered /Users/mike/.rvm/gems/ruby-1.9.3-p362/gems/actionpack-3.2.11/lib/action_dispatch/middleware/templates/rescues/_request_and_response.erb (1.0ms)
  Rendered /Users/mike/.rvm/gems/ruby-1.9.3-p362/gems/actionpack-3.2.11/lib/action_dispatch/middleware/templates/rescues/template_error.erb within rescues/layout (10.5ms)


Started GET "/people" for 127.0.0.1 at 2013-01-16 14:06:17 -0500
Processing by PeopleController#index as HTML
  [1m[36mPerson Load (0.2ms)[0m  [1mSELECT "people".* FROM "people" [0m
  Rendered people/index.html.erb within layouts/application (1.1ms)
Completed 500 Internal Server Error in 4ms

ActionView::Template::Error (undefined method `first_namei' for #<Person:0x007feadc18a000>):
    11: 
    12: <% @people.each do |person| %>
    13:   <tr>
    14:     <td><%= person.first_namei[1] %></td>
    15:     <td><%= person.last_name %></td>
    16:     <td><%= link_to 'Show', person %></td>
    17:     <td><%= link_to 'Edit', edit_person_path(person) %></td>
  app/views/people/index.html.erb:14:in `block in _app_views_people_index_html_erb___2470987176186847534_70323346095180'
  app/views/people/index.html.erb:12:in `each'
  app/views/people/index.html.erb:12:in `_app_views_people_index_html_erb___2470987176186847534_70323346095180'
  app/controllers/people_controller.rb:7:in `index'


  Rendered /Users/mike/.rvm/gems/ruby-1.9.3-p362/gems/actionpack-3.2.11/lib/action_dispatch/middleware/templates/rescues/_trace.erb (1.3ms)
  Rendered /Users/mike/.rvm/gems/ruby-1.9.3-p362/gems/actionpack-3.2.11/lib/action_dispatch/middleware/templates/rescues/_request_and_response.erb (0.9ms)
  Rendered /Users/mike/.rvm/gems/ruby-1.9.3-p362/gems/actionpack-3.2.11/lib/action_dispatch/middleware/templates/rescues/template_error.erb within rescues/layout (9.1ms)


Started GET "/people" for 127.0.0.1 at 2013-01-16 14:06:17 -0500
Processing by PeopleController#index as HTML
  [1m[35mPerson Load (0.2ms)[0m  SELECT "people".* FROM "people" 
  Rendered people/index.html.erb within layouts/application (1.0ms)
Completed 500 Internal Server Error in 4ms

ActionView::Template::Error (undefined method `first_namei' for #<Person:0x007feadb164d10>):
    11: 
    12: <% @people.each do |person| %>
    13:   <tr>
    14:     <td><%= person.first_namei[1] %></td>
    15:     <td><%= person.last_name %></td>
    16:     <td><%= link_to 'Show', person %></td>
    17:     <td><%= link_to 'Edit', edit_person_path(person) %></td>
  app/views/people/index.html.erb:14:in `block in _app_views_people_index_html_erb___2470987176186847534_70323346095180'
  app/views/people/index.html.erb:12:in `each'
  app/views/people/index.html.erb:12:in `_app_views_people_index_html_erb___2470987176186847534_70323346095180'
  app/controllers/people_controller.rb:7:in `index'


  Rendered /Users/mike/.rvm/gems/ruby-1.9.3-p362/gems/actionpack-3.2.11/lib/action_dispatch/middleware/templates/rescues/_trace.erb (1.5ms)
  Rendered /Users/mike/.rvm/gems/ruby-1.9.3-p362/gems/actionpack-3.2.11/lib/action_dispatch/middleware/templates/rescues/_request_and_response.erb (0.9ms)
  Rendered /Users/mike/.rvm/gems/ruby-1.9.3-p362/gems/actionpack-3.2.11/lib/action_dispatch/middleware/templates/rescues/template_error.erb within rescues/layout (10.2ms)


Started GET "/people" for 127.0.0.1 at 2013-01-16 14:06:24 -0500
Processing by PeopleController#index as HTML
  [1m[36mPerson Load (0.2ms)[0m  [1mSELECT "people".* FROM "people" [0m
  Rendered people/index.html.erb within layouts/application (3.1ms)
Completed 200 OK in 13ms (Views: 11.2ms | ActiveRecord: 0.2ms)


Started GET "/assets/application.css?body=1" for 127.0.0.1 at 2013-01-16 14:06:24 -0500
Served asset /application.css - 304 Not Modified (0ms)


Started GET "/assets/jquery.js?body=1" for 127.0.0.1 at 2013-01-16 14:06:24 -0500
Served asset /jquery.js - 304 Not Modified (0ms)


Started GET "/assets/people.js?body=1" for 127.0.0.1 at 2013-01-16 14:06:24 -0500
Served asset /people.js - 304 Not Modified (0ms)


Started GET "/assets/scaffolds.css?body=1" for 127.0.0.1 at 2013-01-16 14:06:24 -0500
Served asset /scaffolds.css - 304 Not Modified (0ms)


Started GET "/assets/jquery_ujs.js?body=1" for 127.0.0.1 at 2013-01-16 14:06:24 -0500
Served asset /jquery_ujs.js - 304 Not Modified (0ms)


Started GET "/assets/people.css?body=1" for 127.0.0.1 at 2013-01-16 14:06:24 -0500
Served asset /people.css - 304 Not Modified (0ms)


Started GET "/assets/application.js?body=1" for 127.0.0.1 at 2013-01-16 14:06:24 -0500
Served asset /application.js - 304 Not Modified (0ms)


Started GET "/people" for 127.0.0.1 at 2013-01-16 14:06:39 -0500
Processing by PeopleController#index as HTML
  [1m[35mPerson Load (0.2ms)[0m  SELECT "people".* FROM "people" 
  Rendered people/index.html.erb within layouts/application (3.2ms)
Completed 200 OK in 14ms (Views: 11.9ms | ActiveRecord: 0.2ms)


Started GET "/assets/application.css?body=1" for 127.0.0.1 at 2013-01-16 14:06:39 -0500
Served asset /application.css - 304 Not Modified (0ms)


Started GET "/assets/jquery_ujs.js?body=1" for 127.0.0.1 at 2013-01-16 14:06:39 -0500
Served asset /jquery_ujs.js - 304 Not Modified (0ms)


Started GET "/assets/people.css?body=1" for 127.0.0.1 at 2013-01-16 14:06:39 -0500
Served asset /people.css - 304 Not Modified (0ms)


Started GET "/assets/jquery.js?body=1" for 127.0.0.1 at 2013-01-16 14:06:39 -0500
Served asset /jquery.js - 304 Not Modified (0ms)


Started GET "/assets/scaffolds.css?body=1" for 127.0.0.1 at 2013-01-16 14:06:39 -0500
Served asset /scaffolds.css - 304 Not Modified (0ms)


Started GET "/assets/people.js?body=1" for 127.0.0.1 at 2013-01-16 14:06:39 -0500
Served asset /people.js - 304 Not Modified (0ms)


Started GET "/assets/application.js?body=1" for 127.0.0.1 at 2013-01-16 14:06:39 -0500
Served asset /application.js - 304 Not Modified (0ms)


Started GET "/people" for 127.0.0.1 at 2013-01-16 14:07:20 -0500
Processing by PeopleController#index as HTML
  [1m[36mPerson Load (0.2ms)[0m  [1mSELECT "people".* FROM "people" [0m
  Rendered people/index.html.erb within layouts/application (2.6ms)
Completed 200 OK in 13ms (Views: 11.7ms | ActiveRecord: 0.2ms)


Started GET "/assets/application.css?body=1" for 127.0.0.1 at 2013-01-16 14:07:21 -0500
Served asset /application.css - 304 Not Modified (0ms)


Started GET "/assets/scaffolds.css?body=1" for 127.0.0.1 at 2013-01-16 14:07:21 -0500
Served asset /scaffolds.css - 304 Not Modified (0ms)


Started GET "/assets/jquery_ujs.js?body=1" for 127.0.0.1 at 2013-01-16 14:07:21 -0500
Served asset /jquery_ujs.js - 304 Not Modified (0ms)


Started GET "/assets/jquery.js?body=1" for 127.0.0.1 at 2013-01-16 14:07:21 -0500
Served asset /jquery.js - 304 Not Modified (0ms)


Started GET "/assets/people.css?body=1" for 127.0.0.1 at 2013-01-16 14:07:21 -0500
Served asset /people.css - 304 Not Modified (0ms)


Started GET "/assets/people.js?body=1" for 127.0.0.1 at 2013-01-16 14:07:21 -0500
Served asset /people.js - 304 Not Modified (0ms)


Started GET "/assets/application.js?body=1" for 127.0.0.1 at 2013-01-16 14:07:21 -0500
Served asset /application.js - 304 Not Modified (0ms)


Started GET "/people" for 127.0.0.1 at 2013-01-16 14:07:42 -0500
Processing by PeopleController#index as HTML
  [1m[35mPerson Load (0.3ms)[0m  SELECT "people".* FROM "people" 
  Rendered people/index.html.erb within layouts/application (3.5ms)
Completed 200 OK in 13ms (Views: 11.5ms | ActiveRecord: 0.3ms)


Started GET "/assets/application.css?body=1" for 127.0.0.1 at 2013-01-16 14:07:42 -0500
Served asset /application.css - 304 Not Modified (0ms)


Started GET "/assets/jquery_ujs.js?body=1" for 127.0.0.1 at 2013-01-16 14:07:42 -0500
Served asset /jquery_ujs.js - 304 Not Modified (0ms)


Started GET "/assets/scaffolds.css?body=1" for 127.0.0.1 at 2013-01-16 14:07:42 -0500
Served asset /scaffolds.css - 304 Not Modified (0ms)


Started GET "/assets/people.css?body=1" for 127.0.0.1 at 2013-01-16 14:07:42 -0500
Served asset /people.css - 304 Not Modified (0ms)


Started GET "/assets/jquery.js?body=1" for 127.0.0.1 at 2013-01-16 14:07:43 -0500
Served asset /jquery.js - 304 Not Modified (0ms)


Started GET "/assets/people.js?body=1" for 127.0.0.1 at 2013-01-16 14:07:43 -0500
Served asset /people.js - 304 Not Modified (0ms)


Started GET "/assets/application.js?body=1" for 127.0.0.1 at 2013-01-16 14:07:43 -0500
Served asset /application.js - 304 Not Modified (0ms)


Started GET "/people/new" for 127.0.0.1 at 2013-01-16 14:15:04 -0500
Processing by PeopleController#new as HTML
  Rendered people/_form.html.erb (2.0ms)
  Rendered people/new.html.erb within layouts/application (2.8ms)
Completed 200 OK in 8ms (Views: 7.4ms | ActiveRecord: 0.0ms)


Started GET "/assets/people.css?body=1" for 127.0.0.1 at 2013-01-16 14:15:04 -0500
Served asset /people.css - 304 Not Modified (0ms)


Started GET "/assets/application.css?body=1" for 127.0.0.1 at 2013-01-16 14:15:04 -0500
Served asset /application.css - 304 Not Modified (0ms)


Started GET "/assets/scaffolds.css?body=1" for 127.0.0.1 at 2013-01-16 14:15:04 -0500
Served asset /scaffolds.css - 304 Not Modified (0ms)


Started GET "/assets/jquery_ujs.js?body=1" for 127.0.0.1 at 2013-01-16 14:15:04 -0500
Served asset /jquery_ujs.js - 304 Not Modified (0ms)


Started GET "/assets/jquery.js?body=1" for 127.0.0.1 at 2013-01-16 14:15:04 -0500
Served asset /jquery.js - 304 Not Modified (0ms)


Started GET "/assets/people.js?body=1" for 127.0.0.1 at 2013-01-16 14:15:04 -0500
Served asset /people.js - 304 Not Modified (0ms)


Started GET "/assets/application.js?body=1" for 127.0.0.1 at 2013-01-16 14:15:04 -0500
Served asset /application.js - 304 Not Modified (0ms)


Started POST "/people" for 127.0.0.1 at 2013-01-16 14:15:16 -0500
Processing by PeopleController#create as HTML
  Parameters: {"utf8"=>"✓", "authenticity_token"=>"pdbVm50U99eyhaCXoStGOUWZEK0/bMatKWvQhKQnYRU=", "person"=>{"first_name"=>"John", "last_name"=>"Mc Cormick"}, "commit"=>"Create Person"}
  [1m[36m (0.1ms)[0m  [1mbegin transaction[0m
  [1m[35mSQL (0.4ms)[0m  INSERT INTO "people" ("created_at", "first_name", "last_name", "updated_at") VALUES (?, ?, ?, ?)  [["created_at", Wed, 16 Jan 2013 19:15:16 UTC +00:00], ["first_name", "John"], ["last_name", "Mc Cormick"], ["updated_at", Wed, 16 Jan 2013 19:15:16 UTC +00:00]]
  [1m[36m (1.2ms)[0m  [1mcommit transaction[0m
Redirected to http://127.0.0.1:3000/people/2
Completed 302 Found in 5ms (ActiveRecord: 1.8ms)


Started GET "/people/2" for 127.0.0.1 at 2013-01-16 14:15:16 -0500
Processing by PeopleController#show as HTML
  Parameters: {"id"=>"2"}
  [1m[35mPerson Load (0.1ms)[0m  SELECT "people".* FROM "people" WHERE "people"."id" = ? LIMIT 1  [["id", "2"]]
  Rendered people/show.html.erb within layouts/application (0.6ms)
Completed 200 OK in 7ms (Views: 5.4ms | ActiveRecord: 0.1ms)


Started GET "/assets/application.css?body=1" for 127.0.0.1 at 2013-01-16 14:15:16 -0500
Served asset /application.css - 304 Not Modified (0ms)


Started GET "/assets/jquery_ujs.js?body=1" for 127.0.0.1 at 2013-01-16 14:15:16 -0500
Served asset /jquery_ujs.js - 304 Not Modified (0ms)


Started GET "/assets/people.css?body=1" for 127.0.0.1 at 2013-01-16 14:15:16 -0500
Served asset /people.css - 304 Not Modified (0ms)


Started GET "/assets/scaffolds.css?body=1" for 127.0.0.1 at 2013-01-16 14:15:16 -0500
Served asset /scaffolds.css - 304 Not Modified (0ms)


Started GET "/assets/jquery.js?body=1" for 127.0.0.1 at 2013-01-16 14:15:16 -0500
Served asset /jquery.js - 304 Not Modified (0ms)


Started GET "/assets/people.js?body=1" for 127.0.0.1 at 2013-01-16 14:15:16 -0500
Served asset /people.js - 304 Not Modified (0ms)


Started GET "/assets/application.js?body=1" for 127.0.0.1 at 2013-01-16 14:15:16 -0500
Served asset /application.js - 304 Not Modified (0ms)


Started GET "/people" for 127.0.0.1 at 2013-01-16 14:15:20 -0500
Processing by PeopleController#index as HTML
  [1m[36mPerson Load (0.2ms)[0m  [1mSELECT "people".* FROM "people" [0m
  Rendered people/index.html.erb within layouts/application (2.2ms)
Completed 200 OK in 8ms (Views: 6.8ms | ActiveRecord: 0.2ms)


Started GET "/assets/application.css?body=1" for 127.0.0.1 at 2013-01-16 14:15:20 -0500
Served asset /application.css - 304 Not Modified (0ms)


Started GET "/assets/people.css?body=1" for 127.0.0.1 at 2013-01-16 14:15:20 -0500
Served asset /people.css - 304 Not Modified (0ms)


Started GET "/assets/jquery_ujs.js?body=1" for 127.0.0.1 at 2013-01-16 14:15:20 -0500
Served asset /jquery_ujs.js - 304 Not Modified (0ms)


Started GET "/assets/people.js?body=1" for 127.0.0.1 at 2013-01-16 14:15:20 -0500
Served asset /people.js - 304 Not Modified (0ms)


Started GET "/assets/jquery.js?body=1" for 127.0.0.1 at 2013-01-16 14:15:20 -0500
Served asset /jquery.js - 304 Not Modified (0ms)


Started GET "/assets/scaffolds.css?body=1" for 127.0.0.1 at 2013-01-16 14:15:20 -0500
Served asset /scaffolds.css - 304 Not Modified (0ms)


Started GET "/assets/application.js?body=1" for 127.0.0.1 at 2013-01-16 14:15:20 -0500
Served asset /application.js - 304 Not Modified (0ms)


Started GET "/people/new" for 127.0.0.1 at 2013-01-16 14:15:23 -0500
Processing by PeopleController#new as HTML
  Rendered people/_form.html.erb (2.1ms)
  Rendered people/new.html.erb within layouts/application (2.9ms)
Completed 200 OK in 8ms (Views: 7.3ms | ActiveRecord: 0.0ms)


Started GET "/assets/people.css?body=1" for 127.0.0.1 at 2013-01-16 14:15:23 -0500
Served asset /people.css - 304 Not Modified (0ms)


Started GET "/assets/application.css?body=1" for 127.0.0.1 at 2013-01-16 14:15:23 -0500
Served asset /application.css - 304 Not Modified (0ms)


Started GET "/assets/people.js?body=1" for 127.0.0.1 at 2013-01-16 14:15:23 -0500
Served asset /people.js - 304 Not Modified (0ms)


Started GET "/assets/jquery_ujs.js?body=1" for 127.0.0.1 at 2013-01-16 14:15:23 -0500
Served asset /jquery_ujs.js - 304 Not Modified (0ms)


Started GET "/assets/jquery.js?body=1" for 127.0.0.1 at 2013-01-16 14:15:23 -0500
Served asset /jquery.js - 304 Not Modified (0ms)


Started GET "/assets/scaffolds.css?body=1" for 127.0.0.1 at 2013-01-16 14:15:23 -0500
Served asset /scaffolds.css - 304 Not Modified (0ms)


Started GET "/assets/application.js?body=1" for 127.0.0.1 at 2013-01-16 14:15:23 -0500
Served asset /application.js - 304 Not Modified (0ms)


Started POST "/people" for 127.0.0.1 at 2013-01-16 14:15:29 -0500
Processing by PeopleController#create as HTML
  Parameters: {"utf8"=>"✓", "authenticity_token"=>"pdbVm50U99eyhaCXoStGOUWZEK0/bMatKWvQhKQnYRU=", "person"=>{"first_name"=>"Larry", "last_name"=>"Bird"}, "commit"=>"Create Person"}
  [1m[35m (0.1ms)[0m  begin transaction
  [1m[36mSQL (0.6ms)[0m  [1mINSERT INTO "people" ("created_at", "first_name", "last_name", "updated_at") VALUES (?, ?, ?, ?)[0m  [["created_at", Wed, 16 Jan 2013 19:15:29 UTC +00:00], ["first_name", "Larry"], ["last_name", "Bird"], ["updated_at", Wed, 16 Jan 2013 19:15:29 UTC +00:00]]
  [1m[35m (1.1ms)[0m  commit transaction
Redirected to http://127.0.0.1:3000/people/3
Completed 302 Found in 4ms (ActiveRecord: 1.8ms)


Started GET "/people/3" for 127.0.0.1 at 2013-01-16 14:15:29 -0500
Processing by PeopleController#show as HTML
  Parameters: {"id"=>"3"}
  [1m[36mPerson Load (0.1ms)[0m  [1mSELECT "people".* FROM "people" WHERE "people"."id" = ? LIMIT 1[0m  [["id", "3"]]
  Rendered people/show.html.erb within layouts/application (1.0ms)
Completed 200 OK in 7ms (Views: 6.5ms | ActiveRecord: 0.1ms)


Started GET "/assets/application.css?body=1" for 127.0.0.1 at 2013-01-16 14:15:29 -0500
Served asset /application.css - 304 Not Modified (0ms)


Started GET "/assets/scaffolds.css?body=1" for 127.0.0.1 at 2013-01-16 14:15:29 -0500
Served asset /scaffolds.css - 304 Not Modified (0ms)


Started GET "/assets/people.js?body=1" for 127.0.0.1 at 2013-01-16 14:15:29 -0500
Served asset /people.js - 304 Not Modified (0ms)


Started GET "/assets/people.css?body=1" for 127.0.0.1 at 2013-01-16 14:15:29 -0500
Served asset /people.css - 304 Not Modified (0ms)


Started GET "/assets/jquery.js?body=1" for 127.0.0.1 at 2013-01-16 14:15:29 -0500
Served asset /jquery.js - 304 Not Modified (0ms)


Started GET "/assets/jquery_ujs.js?body=1" for 127.0.0.1 at 2013-01-16 14:15:29 -0500
Served asset /jquery_ujs.js - 304 Not Modified (0ms)


Started GET "/assets/application.js?body=1" for 127.0.0.1 at 2013-01-16 14:15:29 -0500
Served asset /application.js - 304 Not Modified (0ms)


Started GET "/people" for 127.0.0.1 at 2013-01-16 14:15:31 -0500
Processing by PeopleController#index as HTML
  [1m[35mPerson Load (0.2ms)[0m  SELECT "people".* FROM "people" 
  Rendered people/index.html.erb within layouts/application (2.9ms)
Completed 200 OK in 9ms (Views: 7.7ms | ActiveRecord: 0.2ms)


Started GET "/assets/application.css?body=1" for 127.0.0.1 at 2013-01-16 14:15:31 -0500
Served asset /application.css - 304 Not Modified (0ms)


Started GET "/assets/people.js?body=1" for 127.0.0.1 at 2013-01-16 14:15:31 -0500
Served asset /people.js - 304 Not Modified (0ms)


Started GET "/assets/jquery.js?body=1" for 127.0.0.1 at 2013-01-16 14:15:31 -0500
Served asset /jquery.js - 304 Not Modified (0ms)


Started GET "/assets/scaffolds.css?body=1" for 127.0.0.1 at 2013-01-16 14:15:31 -0500
Served asset /scaffolds.css - 304 Not Modified (0ms)


Started GET "/assets/jquery_ujs.js?body=1" for 127.0.0.1 at 2013-01-16 14:15:31 -0500
Served asset /jquery_ujs.js - 304 Not Modified (0ms)


Started GET "/assets/people.css?body=1" for 127.0.0.1 at 2013-01-16 14:15:31 -0500
Served asset /people.css - 304 Not Modified (0ms)


Started GET "/assets/application.js?body=1" for 127.0.0.1 at 2013-01-16 14:15:31 -0500
Served asset /application.js - 304 Not Modified (0ms)


Started GET "/people" for 127.0.0.1 at 2013-01-16 14:28:22 -0500

SyntaxError (/Users/mike/git-puppet/ruby/day_3/roster/app/helpers/people_helper.rb:3: formal argument cannot be a constant
 def name(Person)
                ^):
  app/controllers/application_controller.rb:1:in `<top (required)>'
  app/controllers/people_controller.rb:1:in `<top (required)>'


  Rendered /Users/mike/.rvm/gems/ruby-1.9.3-p362/gems/actionpack-3.2.11/lib/action_dispatch/middleware/templates/rescues/_trace.erb (1.8ms)
  Rendered /Users/mike/.rvm/gems/ruby-1.9.3-p362/gems/actionpack-3.2.11/lib/action_dispatch/middleware/templates/rescues/_request_and_response.erb (1.1ms)
  Rendered /Users/mike/.rvm/gems/ruby-1.9.3-p362/gems/actionpack-3.2.11/lib/action_dispatch/middleware/templates/rescues/diagnostics.erb within rescues/layout (11.3ms)


Started GET "/people" for 127.0.0.1 at 2013-01-16 14:29:41 -0500
Processing by PeopleController#index as HTML
  [1m[36mPerson Load (0.1ms)[0m  [1mSELECT "people".* FROM "people" [0m
  Rendered people/index.html.erb within layouts/application (3.9ms)
Completed 200 OK in 45ms (Views: 9.3ms | ActiveRecord: 0.6ms)


Started GET "/assets/application.css?body=1" for 127.0.0.1 at 2013-01-16 14:29:41 -0500
Served asset /application.css - 304 Not Modified (0ms)


Started GET "/assets/people.js?body=1" for 127.0.0.1 at 2013-01-16 14:29:41 -0500
Served asset /people.js - 304 Not Modified (0ms)


Started GET "/assets/scaffolds.css?body=1" for 127.0.0.1 at 2013-01-16 14:29:41 -0500
Served asset /scaffolds.css - 304 Not Modified (0ms)


Started GET "/assets/jquery_ujs.js?body=1" for 127.0.0.1 at 2013-01-16 14:29:41 -0500
Served asset /jquery_ujs.js - 304 Not Modified (0ms)


Started GET "/assets/people.css?body=1" for 127.0.0.1 at 2013-01-16 14:29:41 -0500
Served asset /people.css - 304 Not Modified (0ms)


Started GET "/assets/jquery.js?body=1" for 127.0.0.1 at 2013-01-16 14:29:41 -0500
Served asset /jquery.js - 304 Not Modified (0ms)


Started GET "/assets/application.js?body=1" for 127.0.0.1 at 2013-01-16 14:29:41 -0500
Served asset /application.js - 304 Not Modified (0ms)


Started GET "/people" for 127.0.0.1 at 2013-01-16 14:46:08 -0500
Processing by PeopleController#index as HTML
  [1m[35mPerson Load (0.3ms)[0m  SELECT "people".* FROM "people" 
  Rendered people/index.html.erb within layouts/application (2.5ms)
Completed 200 OK in 11ms (Views: 8.6ms | ActiveRecord: 0.3ms)


Started GET "/assets/application.css?body=1" for 127.0.0.1 at 2013-01-16 14:46:08 -0500
Served asset /application.css - 304 Not Modified (0ms)


Started GET "/assets/jquery.js?body=1" for 127.0.0.1 at 2013-01-16 14:46:08 -0500
Served asset /jquery.js - 304 Not Modified (0ms)


Started GET "/assets/people.css?body=1" for 127.0.0.1 at 2013-01-16 14:46:08 -0500
Served asset /people.css - 304 Not Modified (0ms)


Started GET "/assets/scaffolds.css?body=1" for 127.0.0.1 at 2013-01-16 14:46:08 -0500
Served asset /scaffolds.css - 304 Not Modified (0ms)


Started GET "/assets/jquery_ujs.js?body=1" for 127.0.0.1 at 2013-01-16 14:46:08 -0500
Served asset /jquery_ujs.js - 304 Not Modified (0ms)


Started GET "/assets/people.js?body=1" for 127.0.0.1 at 2013-01-16 14:46:08 -0500
Served asset /people.js - 304 Not Modified (0ms)


Started GET "/assets/application.js?body=1" for 127.0.0.1 at 2013-01-16 14:46:08 -0500
Served asset /application.js - 304 Not Modified (0ms)
